app/build/outputs/logs/manifest-merger-debug-report.txt
-- Merging decision tree log ---
manifest
ADDED from src\main\AndroidManifest.xml:2:1-216:12
	package
		ADDED from src\main\AndroidManifest.xml:3:11-58
		INJECTED from src\main\AndroidManifest.xml
		INJECTED from src\main\AndroidManifest.xml
	android:versionName
		INJECTED from src\main\AndroidManifest.xml
		INJECTED from src\main\AndroidManifest.xml
	xmlns:android
		ADDED from src\main\AndroidManifest.xml:2:11-69
	android:versionCode
		INJECTED from src\main\AndroidManifest.xml
		INJECTED from src\main\AndroidManifest.xml
uses-permission#android.permission.INTERNET
ADDED from src\main\AndroidManifest.xml:5:5-66
MERGED from [com.google.android.gms:play-services-ads-lite:9.0.0] AndroidManifest.xml:20:5-66
MERGED from [com.google.android.gms:play-services-analytics:9.0.0] AndroidManifest.xml:21:5-67
MERGED from [com.google.android.gms:play-services-appinvite:9.0.0] AndroidManifest.xml:19:5-67
MERGED from [com.google.firebase:firebase-crash:9.0.0] AndroidManifest.xml:20:5-66
MERGED from [com.google.android.gms:play-services-gcm:9.0.0] AndroidManifest.xml:22:5-67
MERGED from [com.google.android.gms:play-services-iid:9.0.0] AndroidManifest.xml:22:5-67
MERGED from [com.google.android.gms:play-services-analytics-impl:9.0.0] AndroidManifest.xml:21:5-67
MERGED from [com.google.android.gms:play-services-tagmanager-api:9.0.0] AndroidManifest.xml:21:5-67
MERGED from [com.google.android.gms:play-services-maps:9.0.0] AndroidManifest.xml:21:5-66
MERGED from [com.daimajia.slider:library:1.1.5] AndroidManifest.xml:11:5-67
MERGED from [com.google.firebase:firebase-analytics:9.0.0] AndroidManifest.xml:21:5-67
MERGED from [com.google.firebase:firebase-analytics-impl:9.0.0] AndroidManifest.xml:21:5-67
MERGED from [com.google.firebase:firebase-iid:9.0.0] AndroidManifest.xml:21:5-67
	android:name
		ADDED from src\main\AndroidManifest.xml:5:22-64
uses-permission#android.permission.WRITE_EXTERNAL_STORAGE
ADDED from src\main\AndroidManifest.xml:7:5-80
MERGED from [com.daimajia.slider:library:1.1.5] AndroidManifest.xml:12:5-81
	android:name
		ADDED from src\main\AndroidManifest.xml:7:22-78
uses-permission#android.permission.ACCESS_NETWORK_STATE
ADDED from src\main\AndroidManifest.xml:8:5-78
MERGED from [com.google.android.gms:play-services-ads-lite:9.0.0] AndroidManifest.xml:21:5-78
MERGED from [com.google.android.gms:play-services-analytics:9.0.0] AndroidManifest.xml:22:5-79
MERGED from [com.google.android.gms:play-services-nearby:9.0.0] AndroidManifest.xml:19:5-79
MERGED from [com.google.android.gms:play-services-analytics-impl:9.0.0] AndroidManifest.xml:22:5-79
MERGED from [com.google.android.gms:play-services-tagmanager-api:9.0.0] AndroidManifest.xml:22:5-79
MERGED from [com.google.android.gms:play-services-maps:9.0.0] AndroidManifest.xml:20:5-78
MERGED from [com.google.firebase:firebase-analytics:9.0.0] AndroidManifest.xml:22:5-79
MERGED from [com.google.firebase:firebase-analytics-impl:9.0.0] AndroidManifest.xml:22:5-79
MERGED from [com.google.firebase:firebase-iid:9.0.0] AndroidManifest.xml:20:5-79
	android:name
		ADDED from src\main\AndroidManifest.xml:8:22-76
uses-permission#android.permission.ACCESS_WIFI_STATE
ADDED from src\main\AndroidManifest.xml:9:5-75
	android:name
		ADDED from src\main\AndroidManifest.xml:9:22-73
uses-permission#com.android.launcher.permission.INSTALL_SHORTCUT
ADDED from src\main\AndroidManifest.xml:10:5-87
	android:name
		ADDED from src\main\AndroidManifest.xml:10:22-85
uses-permission#com.github.hathibelagal.pn.permission.C2D_MESSAGE
ADDED from src\main\AndroidManifest.xml:12:5-88
	android:name
		ADDED from src\main\AndroidManifest.xml:12:22-86
uses-permission#android.permission.READ_CONTACTS
ADDED from src\main\AndroidManifest.xml:13:5-72
	android:name
		ADDED from src\main\AndroidManifest.xml:13:22-69
uses-permission#android.permission.WRITE_CONTACTS
ADDED from src\main\AndroidManifest.xml:14:5-73
	android:name
		ADDED from src\main\AndroidManifest.xml:14:22-70
permission#com.github.hathibelagal.pn.permission.C2D_MESSAGE
ADDED from src\main\AndroidManifest.xml:16:5-18:46
	android:protectionLevel
		ADDED from src\main\AndroidManifest.xml:18:9-44
	android:name
		ADDED from src\main\AndroidManifest.xml:17:9-73
application
ADDED from src\main\AndroidManifest.xml:20:5-214:19
MERGED from [com.android.support:design:23.2.1] AndroidManifest.xml:22:5-20
MERGED from [com.google.android.gms:play-services:9.0.0] AndroidManifest.xml:5:5-20
MERGED from [com.google.android.gms:play-services-ads-lite:9.0.0] AndroidManifest.xml:24:5-32:19
MERGED from [com.google.android.gms:play-services-analytics:9.0.0] AndroidManifest.xml:27:5-20
MERGED from [com.google.android.gms:play-services-appinvite:9.0.0] AndroidManifest.xml:20:5-30:19
MERGED from [com.google.android.gms:play-services-auth:9.0.0] AndroidManifest.xml:20:5-32:19
MERGED from [com.google.android.gms:play-services-cast:9.0.0] AndroidManifest.xml:19:5-20
MERGED from [com.android.support:mediarouter-v7:23.0.0] AndroidManifest.xml:22:5-20
MERGED from [com.android.support:appcompat-v7:23.2.1] AndroidManifest.xml:25:5-20
MERGED from [com.android.support:animated-vector-drawable:23.2.1] AndroidManifest.xml:7:5-20
MERGED from [com.android.support:support-vector-drawable:23.2.1] AndroidManifest.xml:7:5-20
MERGED from [com.google.firebase:firebase-config:9.0.0] AndroidManifest.xml:19:5-20
MERGED from [com.google.firebase:firebase-crash:9.0.0] AndroidManifest.xml:24:5-32:19
MERGED from [com.google.firebase:firebase-auth:9.0.0] AndroidManifest.xml:20:5-21:19
MERGED from [com.google.firebase:firebase-auth-common:9.0.0] AndroidManifest.xml:20:5-21:19
MERGED from [com.google.firebase:firebase-messaging:9.0.0] AndroidManifest.xml:20:5-32:19
MERGED from [com.google.android.gms:play-services-fitness:9.0.0] AndroidManifest.xml:19:5-20
MERGED from [com.google.android.gms:play-services-games:9.0.0] AndroidManifest.xml:19:5-20
MERGED from [com.google.android.gms:play-services-drive:9.0.0] AndroidManifest.xml:19:5-20
MERGED from [com.google.android.gms:play-services-gcm:9.0.0] AndroidManifest.xml:24:5-20
MERGED from [com.google.android.gms:play-services-appindexing:9.0.0] AndroidManifest.xml:19:5-20
MERGED from [com.google.android.gms:play-services-iid:9.0.0] AndroidManifest.xml:24:5-20
MERGED from [com.google.android.gms:play-services-location:9.0.0] AndroidManifest.xml:19:5-20
MERGED from [com.google.android.gms:play-services-nearby:9.0.0] AndroidManifest.xml:20:5-20
MERGED from [com.google.android.gms:play-services-panorama:9.0.0] AndroidManifest.xml:19:5-20
MERGED from [com.google.android.gms:play-services-plus:9.0.0] AndroidManifest.xml:19:5-20
MERGED from [com.google.android.gms:play-services-safetynet:9.0.0] AndroidManifest.xml:19:5-20
MERGED from [com.google.android.gms:play-services-analytics-impl:9.0.0] AndroidManifest.xml:27:5-20
MERGED from [com.google.android.gms:play-services-tagmanager-api:9.0.0] AndroidManifest.xml:24:5-38:19
MERGED from [com.google.android.gms:play-services-vision:9.0.0] AndroidManifest.xml:5:5-20
MERGED from [com.google.android.gms:play-services-identity:9.0.0] AndroidManifest.xml:19:5-20
MERGED from [com.google.android.gms:play-services-maps:9.0.0] AndroidManifest.xml:27:5-20
MERGED from [com.google.android.gms:play-services-wearable:9.0.0] AndroidManifest.xml:19:5-20
MERGED from [com.android.support.constraint:constraint-layout:1.0.2] AndroidManifest.xml:9:5-20
MERGED from [com.google.firebase:firebase-core:9.0.0] AndroidManifest.xml:5:5-20
MERGED from [com.google.firebase:firebase-analytics:9.0.0] AndroidManifest.xml:26:5-41:19
MERGED from [com.google.firebase:firebase-analytics-impl:9.0.0] AndroidManifest.xml:26:5-41:19
MERGED from [com.google.android.gms:play-services-base:9.0.0] AndroidManifest.xml:19:5-23:19
MERGED from [com.google.firebase:firebase-iid:9.0.0] AndroidManifest.xml:30:5-59:19
MERGED from [com.google.firebase:firebase-common:9.0.0] AndroidManifest.xml:5:5-12:19
MERGED from [com.google.android.gms:play-services-tasks:9.0.0] AndroidManifest.xml:5:5-20
MERGED from [com.google.android.gms:play-services-basement:9.0.0] AndroidManifest.xml:20:5-24:19
MERGED from [com.android.support:support-v4:23.4.0] AndroidManifest.xml:22:5-20
	android:label
		ADDED from src\main\AndroidManifest.xml:25:9-41
	android:supportsRtl
		ADDED from src\main\AndroidManifest.xml:27:9-35
	android:hardwareAccelerated
		ADDED from src\main\AndroidManifest.xml:23:9-44
	android:allowBackup
		ADDED from src\main\AndroidManifest.xml:22:9-35
	android:icon
		ADDED from src\main\AndroidManifest.xml:24:9-43
	android:largeHeap
		ADDED from src\main\AndroidManifest.xml:26:9-33
	android:theme
		ADDED from src\main\AndroidManifest.xml:28:9-40
	android:name
		ADDED from src\main\AndroidManifest.xml:21:9-68
activity#com.hammerandtongues.online.hntonline.SplashActivity
ADDED from src\main\AndroidManifest.xml:29:9-48:20
	android:noHistory
		ADDED from src\main\AndroidManifest.xml:31:13-37
	android:theme
		ADDED from src\main\AndroidManifest.xml:32:13-56
	android:name
		ADDED from src\main\AndroidManifest.xml:30:13-43
intent-filter#android.intent.action.MAIN+android.intent.category.LAUNCHER
ADDED from src\main\AndroidManifest.xml:33:13-37:29
action#android.intent.action.MAIN
ADDED from src\main\AndroidManifest.xml:34:17-68
	android:name
		ADDED from src\main\AndroidManifest.xml:34:25-66
category#android.intent.category.LAUNCHER
ADDED from src\main\AndroidManifest.xml:36:17-76
	android:name
		ADDED from src\main\AndroidManifest.xml:36:27-74
meta-data#android.app.shortcuts
ADDED from src\main\AndroidManifest.xml:39:13-41:52
	android:resource
		ADDED from src\main\AndroidManifest.xml:41:17-50
	android:name
		ADDED from src\main\AndroidManifest.xml:40:17-53
meta-data#com.google.android.gms.version
ADDED from src\main\AndroidManifest.xml:44:13-46:73
MERGED from [com.google.android.gms:play-services-basement:9.0.0] AndroidManifest.xml:21:9-23:69
	android:value
		ADDED from src\main\AndroidManifest.xml:46:17-70
	android:name
		ADDED from src\main\AndroidManifest.xml:45:17-62
activity#com.hammerandtongues.online.hntonline.MainActivity
ADDED from src\main\AndroidManifest.xml:49:9-60:20
	android:label
		ADDED from src\main\AndroidManifest.xml:51:13-45
	android:theme
		ADDED from src\main\AndroidManifest.xml:52:13-56
	android:name
		ADDED from src\main\AndroidManifest.xml:50:13-41
intent-filter#android.intent.action.SEARCH
ADDED from src\main\AndroidManifest.xml:53:13-55:29
action#android.intent.action.SEARCH
ADDED from src\main\AndroidManifest.xml:54:17-70
	android:name
		ADDED from src\main\AndroidManifest.xml:54:25-68
meta-data#android.app.searchable
ADDED from src\main\AndroidManifest.xml:57:13-59:56
	android:resource
		ADDED from src\main\AndroidManifest.xml:59:17-54
	android:name
		ADDED from src\main\AndroidManifest.xml:58:17-54
activity#com.hammerandtongues.online.hntonline.Search
ADDED from src\main\AndroidManifest.xml:61:9-72:20
	android:parentActivityName
		ADDED from src\main\AndroidManifest.xml:63:13-55
	android:theme
		ADDED from src\main\AndroidManifest.xml:64:13-56
	android:name
		ADDED from src\main\AndroidManifest.xml:62:13-35
activity#com.hammerandtongues.online.hntonline.NotificationView
ADDED from src\main\AndroidManifest.xml:73:9-80:20
	android:label
		ADDED from src\main\AndroidManifest.xml:75:13-52
	android:parentActivityName
		ADDED from src\main\AndroidManifest.xml:76:13-55
	android:name
		ADDED from src\main\AndroidManifest.xml:74:13-45
meta-data#android.support.PARENT_ACTIVITY
ADDED from src\main\AndroidManifest.xml:77:13-79:48
	android:value
		ADDED from src\main\AndroidManifest.xml:79:17-46
	android:name
		ADDED from src\main\AndroidManifest.xml:78:17-63
activity#com.hammerandtongues.online.hntonline.CategoriesActivity
ADDED from src\main\AndroidManifest.xml:81:9-84:58
	android:parentActivityName
		ADDED from src\main\AndroidManifest.xml:83:13-55
	android:theme
		ADDED from src\main\AndroidManifest.xml:84:13-56
	android:name
		ADDED from src\main\AndroidManifest.xml:82:13-47
activity#com.hammerandtongues.online.hntonline.StoresFragment
ADDED from src\main\AndroidManifest.xml:85:9-88:58
	android:parentActivityName
		ADDED from src\main\AndroidManifest.xml:87:13-55
	android:theme
		ADDED from src\main\AndroidManifest.xml:88:13-56
	android:name
		ADDED from src\main\AndroidManifest.xml:86:13-43
activity#com.hammerandtongues.online.hntonline.PromotionsFragment
ADDED from src\main\AndroidManifest.xml:89:9-91:57
	android:parentActivityName
		ADDED from src\main\AndroidManifest.xml:91:13-55
	android:name
		ADDED from src\main\AndroidManifest.xml:90:13-47
activity#com.hammerandtongues.online.hntonline.Product
ADDED from src\main\AndroidManifest.xml:92:9-94:57
	android:parentActivityName
		ADDED from src\main\AndroidManifest.xml:94:13-55
	android:name
		ADDED from src\main\AndroidManifest.xml:93:13-36
activity#com.hammerandtongues.online.hntonline.Store
ADDED from src\main\AndroidManifest.xml:95:9-97:57
	android:parentActivityName
		ADDED from src\main\AndroidManifest.xml:97:13-55
	android:name
		ADDED from src\main\AndroidManifest.xml:96:13-34
activity#com.hammerandtongues.online.hntonline.Cart
ADDED from src\main\AndroidManifest.xml:98:9-100:57
	android:parentActivityName
		ADDED from src\main\AndroidManifest.xml:100:13-55
	android:name
		ADDED from src\main\AndroidManifest.xml:99:13-33
activity#com.hammerandtongues.online.hntonline.CheckOut_Activity
ADDED from src\main\AndroidManifest.xml:101:9-104:20
	android:parentActivityName
		ADDED from src\main\AndroidManifest.xml:103:13-55
	android:name
		ADDED from src\main\AndroidManifest.xml:102:13-46
activity#com.hammerandtongues.online.hntonline.UserActivity
ADDED from src\main\AndroidManifest.xml:105:9-107:57
	android:parentActivityName
		ADDED from src\main\AndroidManifest.xml:107:13-55
	android:name
		ADDED from src\main\AndroidManifest.xml:106:13-41
activity#com.hammerandtongues.online.hntonline.Products_List
ADDED from src\main\AndroidManifest.xml:108:9-110:57
	android:parentActivityName
		ADDED from src\main\AndroidManifest.xml:110:13-55
	android:name
		ADDED from src\main\AndroidManifest.xml:109:13-42
activity#com.hammerandtongues.online.hntonline.TransactionHistory
ADDED from src\main\AndroidManifest.xml:111:9-113:57
	android:parentActivityName
		ADDED from src\main\AndroidManifest.xml:113:13-55
	android:name
		ADDED from src\main\AndroidManifest.xml:112:13-47
activity#com.hammerandtongues.online.hntonline.AboutUs
ADDED from src\main\AndroidManifest.xml:114:9-116:57
	android:parentActivityName
		ADDED from src\main\AndroidManifest.xml:116:13-55
	android:name
		ADDED from src\main\AndroidManifest.xml:115:13-36
activity#com.hammerandtongues.online.hntonline.Faqs
ADDED from src\main\AndroidManifest.xml:117:9-119:57
	android:parentActivityName
		ADDED from src\main\AndroidManifest.xml:119:13-55
	android:name
		ADDED from src\main\AndroidManifest.xml:118:13-33
activity#com.hammerandtongues.online.hntonline.ContactUs
ADDED from src\main\AndroidManifest.xml:120:9-122:57
	android:parentActivityName
		ADDED from src\main\AndroidManifest.xml:122:13-55
	android:name
		ADDED from src\main\AndroidManifest.xml:121:13-38
activity#com.hammerandtongues.online.hntonline.TermsAndConditions
ADDED from src\main\AndroidManifest.xml:123:9-125:57
	android:parentActivityName
		ADDED from src\main\AndroidManifest.xml:125:13-55
	android:name
		ADDED from src\main\AndroidManifest.xml:124:13-47
activity#com.hammerandtongues.online.hntonline.WebViewActivity
ADDED from src\main\AndroidManifest.xml:126:9-128:57
	android:parentActivityName
		ADDED from src\main\AndroidManifest.xml:128:13-55
	android:name
		ADDED from src\main\AndroidManifest.xml:127:13-44
activity#com.hammerandtongues.online.hntonline.Favourites
ADDED from src\main\AndroidManifest.xml:131:9-134:20
	android:parentActivityName
		ADDED from src\main\AndroidManifest.xml:133:13-55
	android:name
		ADDED from src\main\AndroidManifest.xml:132:13-39
activity#com.hammerandtongues.online.hntonline.Chat_Webview
ADDED from src\main\AndroidManifest.xml:135:9-138:20
	android:parentActivityName
		ADDED from src\main\AndroidManifest.xml:137:13-55
	android:name
		ADDED from src\main\AndroidManifest.xml:136:13-41
activity#com.hammerandtongues.online.hntonline.Finances_Webview
ADDED from src\main\AndroidManifest.xml:139:9-143:20
	android:parentActivityName
		ADDED from src\main\AndroidManifest.xml:141:13-55
	android:name
		ADDED from src\main\AndroidManifest.xml:140:13-45
activity#com.hammerandtongues.online.hntonline.Invite_friends
ADDED from src\main\AndroidManifest.xml:144:9-155:20
	android:label
		ADDED from src\main\AndroidManifest.xml:146:13-66
	android:parentActivityName
		ADDED from src\main\AndroidManifest.xml:148:13-55
	android:launchMode
		ADDED from src\main\AndroidManifest.xml:147:13-43
	android:name
		ADDED from src\main\AndroidManifest.xml:145:13-43
service#com.hammerandtongues.online.hntonline.LocalService
ADDED from src\main\AndroidManifest.xml:167:9-169:39
	android:exported
		ADDED from src\main\AndroidManifest.xml:169:13-37
	android:name
		ADDED from src\main\AndroidManifest.xml:168:13-41
fragment
ADDED from src\main\AndroidManifest.xml:171:9-45
	android:name
		ADDED from src\main\AndroidManifest.xml:171:19-43
receiver#com.hammerandtongues.online.hntonline.NetworkStateChecker
ADDED from src\main\AndroidManifest.xml:174:9-178:20
	android:name
		ADDED from src\main\AndroidManifest.xml:174:19-54
intent-filter#android.net.conn.CONNECTIVITY_CHANGE
ADDED from src\main\AndroidManifest.xml:175:13-177:29
action#android.net.conn.CONNECTIVITY_CHANGE
ADDED from src\main\AndroidManifest.xml:176:17-78
	android:name
		ADDED from src\main\AndroidManifest.xml:176:25-76
receiver#com.hammerandtongues.online.hntonline.MyAppReciever
ADDED from src\main\AndroidManifest.xml:179:9-184:20
	android:name
		ADDED from src\main\AndroidManifest.xml:179:19-48
intent-filter#android.Intent.ACTION_TIME_TICK+android.intent.action.TIMEZONE_CHANGED
ADDED from src\main\AndroidManifest.xml:180:13-183:29
action#android.Intent.ACTION_TIME_TICK
ADDED from src\main\AndroidManifest.xml:181:17-73
	android:name
		ADDED from src\main\AndroidManifest.xml:181:25-71
action#android.intent.action.TIMEZONE_CHANGED
ADDED from src\main\AndroidManifest.xml:182:17-80
	android:name
		ADDED from src\main\AndroidManifest.xml:182:25-78
uses-sdk
INJECTED from src\main\AndroidManifest.xml reason: use-sdk injection requested
MERGED from [com.android.support:design:23.2.1] AndroidManifest.xml:20:5-43
MERGED from [com.android.support:recyclerview-v7:23.2.1] AndroidManifest.xml:20:5-43
MERGED from [com.google.android.gms:play-services:9.0.0] AndroidManifest.xml:4:5-42
MERGED from [com.google.android.gms:play-services-ads:9.0.0] AndroidManifest.xml:19:5-42
MERGED from [com.google.android.gms:play-services-ads-lite:9.0.0] AndroidManifest.xml:23:5-42
MERGED from [com.google.android.gms:play-services-analytics:9.0.0] AndroidManifest.xml:18:5-42
MERGED from [com.google.android.gms:play-services-appinvite:9.0.0] AndroidManifest.xml:18:5-42
MERGED from [com.google.android.gms:play-services-auth:9.0.0] AndroidManifest.xml:18:5-43
MERGED from [com.google.android.gms:play-services-cast:9.0.0] AndroidManifest.xml:18:5-42
MERGED from [com.android.support:mediarouter-v7:23.0.0] AndroidManifest.xml:20:5-43
MERGED from [com.android.support:appcompat-v7:23.2.1] AndroidManifest.xml:21:5-23:78
MERGED from [com.android.support:animated-vector-drawable:23.2.1] AndroidManifest.xml:5:5-44
MERGED from [com.android.support:support-vector-drawable:23.2.1] AndroidManifest.xml:5:5-43
MERGED from [com.google.firebase:firebase-config:9.0.0] AndroidManifest.xml:18:5-42
MERGED from [com.google.firebase:firebase-crash:9.0.0] AndroidManifest.xml:22:5-42
MERGED from [com.google.firebase:firebase-auth:9.0.0] AndroidManifest.xml:18:5-43
MERGED from [com.google.firebase:firebase-auth-common:9.0.0] AndroidManifest.xml:18:5-43
MERGED from [com.google.firebase:firebase-auth-module:9.0.0] AndroidManifest.xml:4:5-43
MERGED from [com.google.firebase:firebase-database:9.0.0] AndroidManifest.xml:5:5-43
MERGED from [com.google.firebase:firebase-database-connection:9.0.0] AndroidManifest.xml:5:5-43
MERGED from [com.google.firebase:firebase-messaging:9.0.0] AndroidManifest.xml:18:5-42
MERGED from [com.google.firebase:firebase-storage:9.0.0] AndroidManifest.xml:5:5-43
MERGED from [com.google.firebase:firebase-storage-common:9.0.0] AndroidManifest.xml:5:5-43
MERGED from [com.google.android.gms:play-services-fitness:9.0.0] AndroidManifest.xml:18:5-42
MERGED from [com.google.android.gms:play-services-games:9.0.0] AndroidManifest.xml:18:5-42
MERGED from [com.google.android.gms:play-services-drive:9.0.0] AndroidManifest.xml:18:5-42
MERGED from [com.google.android.gms:play-services-gcm:9.0.0] AndroidManifest.xml:18:5-42
MERGED from [com.google.android.gms:play-services-appindexing:9.0.0] AndroidManifest.xml:18:5-42
MERGED from [com.google.android.gms:play-services-iid:9.0.0] AndroidManifest.xml:18:5-42
MERGED from [com.google.android.gms:play-services-location:9.0.0] AndroidManifest.xml:18:5-42
MERGED from [com.google.android.gms:play-services-nearby:9.0.0] AndroidManifest.xml:18:5-42
MERGED from [com.google.android.gms:play-services-panorama:9.0.0] AndroidManifest.xml:18:5-42
MERGED from [com.google.android.gms:play-services-plus:9.0.0] AndroidManifest.xml:18:5-42
MERGED from [com.google.android.gms:play-services-auth-base:9.0.0] AndroidManifest.xml:5:5-43
MERGED from [com.google.android.gms:play-services-safetynet:9.0.0] AndroidManifest.xml:18:5-42
MERGED from [com.google.android.gms:play-services-tagmanager:9.0.0] AndroidManifest.xml:18:5-42
MERGED from [com.google.android.gms:play-services-analytics-impl:9.0.0] AndroidManifest.xml:18:5-42
MERGED from [com.google.android.gms:play-services-tagmanager-api:9.0.0] AndroidManifest.xml:18:5-42
MERGED from [com.google.android.gms:play-services-vision:9.0.0] AndroidManifest.xml:4:5-42
MERGED from [com.google.android.gms:play-services-wallet:9.0.0] AndroidManifest.xml:19:5-42
MERGED from [com.google.android.gms:play-services-identity:9.0.0] AndroidManifest.xml:18:5-42
MERGED from [com.google.android.gms:play-services-maps:9.0.0] AndroidManifest.xml:26:5-42
MERGED from [com.google.android.gms:play-services-wearable:9.0.0] AndroidManifest.xml:18:5-42
MERGED from [com.daimajia.slider:library:1.1.5] AndroidManifest.xml:7:5-9:41
MERGED from [com.daimajia.androidanimations:library:1.0.3] AndroidManifest.xml:8:5-10:41
MERGED from [com.facebook.fresco:fresco:1.1.0] AndroidManifest.xml:5:5-7:41
MERGED from [com.facebook.fresco:drawee:1.1.0] AndroidManifest.xml:5:5-7:41
MERGED from [com.facebook.fresco:imagepipeline:1.1.0] AndroidManifest.xml:5:5-7:41
MERGED from [com.facebook.fresco:imagepipeline-base:1.1.0] AndroidManifest.xml:5:5-7:41
MERGED from [com.facebook.fresco:fbcore:1.1.0] AndroidManifest.xml:5:5-7:41
MERGED from [com.android.support:multidex:1.0.1] AndroidManifest.xml:18:5-42
MERGED from [com.android.support.constraint:constraint-layout:1.0.2] AndroidManifest.xml:5:5-7:41
MERGED from [com.google.firebase:firebase-core:9.0.0] AndroidManifest.xml:4:5-42
MERGED from [com.google.firebase:firebase-analytics:9.0.0] AndroidManifest.xml:18:5-42
MERGED from [com.google.firebase:firebase-analytics-impl:9.0.0] AndroidManifest.xml:18:5-42
MERGED from [com.google.android.gms:play-services-base:9.0.0] AndroidManifest.xml:18:5-42
MERGED from [com.google.firebase:firebase-iid:9.0.0] AndroidManifest.xml:18:5-42
MERGED from [com.google.firebase:firebase-common:9.0.0] AndroidManifest.xml:4:5-43
MERGED from [com.google.android.gms:play-services-tasks:9.0.0] AndroidManifest.xml:4:5-43
MERGED from [com.google.android.gms:play-services-basement:9.0.0] AndroidManifest.xml:18:5-42
MERGED from [com.android.support:support-v4:23.4.0] AndroidManifest.xml:20:5-43
	tools:overrideLibrary
		ADDED from [com.android.support:appcompat-v7:23.2.1] AndroidManifest.xml:23:9-75
	android:targetSdkVersion
		INJECTED from src\main\AndroidManifest.xml
		INJECTED from src\main\AndroidManifest.xml
	android:minSdkVersion
		INJECTED from src\main\AndroidManifest.xml
		INJECTED from src\main\AndroidManifest.xml
activity#com.google.android.gms.ads.AdActivity
ADDED from [com.google.android.gms:play-services-ads-lite:9.0.0] AndroidManifest.xml:26:9-29:64
	android:configChanges
		ADDED from [com.google.android.gms:play-services-ads-lite:9.0.0] AndroidManifest.xml:28:13-122
	android:theme
		ADDED from [com.google.android.gms:play-services-ads-lite:9.0.0] AndroidManifest.xml:29:13-61
	android:name
		ADDED from [com.google.android.gms:play-services-ads-lite:9.0.0] AndroidManifest.xml:27:13-65
activity#com.google.android.gms.ads.purchase.InAppPurchaseActivity
ADDED from [com.google.android.gms:play-services-ads-lite:9.0.0] AndroidManifest.xml:30:9-31:52
	android:theme
		ADDED from [com.google.android.gms:play-services-ads-lite:9.0.0] AndroidManifest.xml:31:13-50
	android:name
		ADDED from [com.google.android.gms:play-services-ads-lite:9.0.0] AndroidManifest.xml:30:19-91
uses-permission#android.permission.WAKE_LOCK
ADDED from [com.google.android.gms:play-services-analytics:9.0.0] AndroidManifest.xml:25:5-67
MERGED from [com.google.android.gms:play-services-analytics-impl:9.0.0] AndroidManifest.xml:25:5-67
MERGED from [com.google.firebase:firebase-analytics:9.0.0] AndroidManifest.xml:24:5-67
MERGED from [com.google.firebase:firebase-analytics-impl:9.0.0] AndroidManifest.xml:24:5-67
MERGED from [com.google.firebase:firebase-iid:9.0.0] AndroidManifest.xml:22:5-68
	android:name
		ADDED from [com.google.android.gms:play-services-analytics:9.0.0] AndroidManifest.xml:25:22-65
activity#com.google.android.gms.appinvite.PreviewActivity
ADDED from [com.google.android.gms:play-services-appinvite:9.0.0] AndroidManifest.xml:21:9-29:20
	android:exported
		ADDED from [com.google.android.gms:play-services-appinvite:9.0.0] AndroidManifest.xml:23:17-40
	android:theme
		ADDED from [com.google.android.gms:play-services-appinvite:9.0.0] AndroidManifest.xml:24:17-63
	android:name
		ADDED from [com.google.android.gms:play-services-appinvite:9.0.0] AndroidManifest.xml:22:17-48
intent-filter#android.intent.category.DEFAULT+com.google.android.gms.appinvite.ACTION_PREVIEW
ADDED from [com.google.android.gms:play-services-appinvite:9.0.0] AndroidManifest.xml:25:13-28:29
action#com.google.android.gms.appinvite.ACTION_PREVIEW
ADDED from [com.google.android.gms:play-services-appinvite:9.0.0] AndroidManifest.xml:26:17-89
	android:name
		ADDED from [com.google.android.gms:play-services-appinvite:9.0.0] AndroidManifest.xml:26:25-87
category#android.intent.category.DEFAULT
ADDED from [com.google.android.gms:play-services-appinvite:9.0.0] AndroidManifest.xml:27:17-75
	android:name
		ADDED from [com.google.android.gms:play-services-appinvite:9.0.0] AndroidManifest.xml:27:27-73
activity#com.google.android.gms.auth.api.signin.internal.SignInHubActivity
ADDED from [com.google.android.gms:play-services-auth:9.0.0] AndroidManifest.xml:21:9-24:46
	android:excludeFromRecents
		ADDED from [com.google.android.gms:play-services-auth:9.0.0] AndroidManifest.xml:23:19-52
	android:exported
		ADDED from [com.google.android.gms:play-services-auth:9.0.0] AndroidManifest.xml:24:19-43
	android:theme
		ADDED from [com.google.android.gms:play-services-auth:9.0.0] AndroidManifest.xml:22:19-78
	android:name
		ADDED from [com.google.android.gms:play-services-auth:9.0.0] AndroidManifest.xml:21:19-68
service#com.google.android.gms.auth.api.signin.RevocationBoundService
ADDED from [com.google.android.gms:play-services-auth:9.0.0] AndroidManifest.xml:28:9-31:110
	android:exported
		ADDED from [com.google.android.gms:play-services-auth:9.0.0] AndroidManifest.xml:30:13-36
	android:permission
		ADDED from [com.google.android.gms:play-services-auth:9.0.0] AndroidManifest.xml:31:13-107
	android:name
		ADDED from [com.google.android.gms:play-services-auth:9.0.0] AndroidManifest.xml:29:13-58
service#com.google.firebase.crash.internal.service.FirebaseCrashReceiverService
ADDED from [com.google.firebase:firebase-crash:9.0.0] AndroidManifest.xml:26:9-27:50
	android:process
		ADDED from [com.google.firebase:firebase-crash:9.0.0] AndroidManifest.xml:27:13-48
	android:name
		ADDED from [com.google.firebase:firebase-crash:9.0.0] AndroidManifest.xml:26:18-79
service#com.google.firebase.crash.internal.service.FirebaseCrashSenderService
ADDED from [com.google.firebase:firebase-crash:9.0.0] AndroidManifest.xml:29:9-30:50
	android:process
		ADDED from [com.google.firebase:firebase-crash:9.0.0] AndroidManifest.xml:30:13-48
	android:name
		ADDED from [com.google.firebase:firebase-crash:9.0.0] AndroidManifest.xml:29:18-77
service#com.google.firebase.messaging.FirebaseMessagingService
ADDED from [com.google.firebase:firebase-messaging:9.0.0] AndroidManifest.xml:24:9-30:19
	android:exported
		ADDED from [com.google.firebase:firebase-messaging:9.0.0] AndroidManifest.xml:26:13-36
	android:name
		ADDED from [com.google.firebase:firebase-messaging:9.0.0] AndroidManifest.xml:25:13-82
intent-filter#com.google.firebase.MESSAGING_EVENT
ADDED from [com.google.firebase:firebase-messaging:9.0.0] AndroidManifest.xml:27:13-29:29
	android:priority
		ADDED from [com.google.firebase:firebase-messaging:9.0.0] AndroidManifest.xml:27:28-51
action#com.google.firebase.MESSAGING_EVENT
ADDED from [com.google.firebase:firebase-messaging:9.0.0] AndroidManifest.xml:28:17-78
	android:name
		ADDED from [com.google.firebase:firebase-messaging:9.0.0] AndroidManifest.xml:28:25-75
uses-permission#com.google.android.c2dm.permission.RECEIVE
ADDED from [com.google.android.gms:play-services-gcm:9.0.0] AndroidManifest.xml:21:5-82
MERGED from [com.google.android.gms:play-services-iid:9.0.0] AndroidManifest.xml:21:5-82
MERGED from [com.google.firebase:firebase-iid:9.0.0] AndroidManifest.xml:23:5-82
	android:name
		ADDED from [com.google.android.gms:play-services-gcm:9.0.0] AndroidManifest.xml:21:22-79
service#com.google.android.gms.tagmanager.TagManagerService